"../../../KarpuzKaldiran/Content/Mannequin/Character/Mesh/UE4_Mannequin_Skeleton.uasset" 0
"../../../KarpuzKaldiran/Content/Mannequin/Animations/ThirdPersonJump_End.uasset" 1
"../../../KarpuzKaldiran/Content/Mannequin/Character/Mesh/Ragdoll1.uasset" 2
"../../../KarpuzKaldiran/Content/StarterContent/Materials/M_Basic_Wall.uasset" 3
"../../../KarpuzKaldiran/Content/StarterContent/Architecture/Pillar_50x500.uasset" 4
"../../../KarpuzKaldiran/Content/StarterContent/Architecture/Wall_400x300.uasset" 5
"../../../KarpuzKaldiran/Content/StarterContent/Architecture/Wall_400x400.uasset" 6
"../../../KarpuzKaldiran/Content/StarterContent/Architecture/Wall_500x500.uasset" 7
"../../../KarpuzKaldiran/Content/StarterContent/Architecture/Wall_Door_400x400.uasset" 8
"../../../KarpuzKaldiran/Content/StarterContent/Architecture/Wall_Window_400x400.uasset" 9
"../../../KarpuzKaldiran/Content/StarterContent/Audio/Light01_Cue.uasset" 10
"../../../KarpuzKaldiran/Content/StarterContent/Audio/Light02_Cue.uasset" 11
"../../../KarpuzKaldiran/Content/StarterContent/Audio/Explosion_Cue.uasset" 12
"../../../KarpuzKaldiran/Content/StarterContent/Textures/T_Burst_M.uasset" 13
"../../../KarpuzKaldiran/Content/StarterContent/Particles/Materials/M_Burst.uasset" 14
"../../../KarpuzKaldiran/Content/StarterContent/Textures/T_Explosion_SubUV.uasset" 15
"../../../KarpuzKaldiran/Content/StarterContent/Particles/Materials/M_explosion_subUV.uasset" 16
"../../../KarpuzKaldiran/Content/StarterContent/Particles/Materials/m_flare_01.uasset" 17
"../../../Engine/Content/Functions/Engine_MaterialFunctions01/Gradient/RadialGradient.uasset" 18
"../../../KarpuzKaldiran/Content/StarterContent/Particles/Materials/M_radial_ramp.uasset" 19
"../../../KarpuzKaldiran/Content/StarterContent/Textures/T_Smoke_SubUV.uasset" 20
"../../../KarpuzKaldiran/Content/StarterContent/Textures/T_Smoke_Tiled_D.uasset" 21
"../../../KarpuzKaldiran/Content/StarterContent/Particles/Materials/M_smoke_subUV.uasset" 22
"../../../KarpuzKaldiran/Content/StarterContent/Particles/P_Explosion.uasset" 23
"../../../KarpuzKaldiran/Content/StarterContent/Blueprints/Blueprint_Effect_Explosion.uasset" 24
"../../../Engine/Content/EditorMeshes/ColorCalibrator/T_ColorGrid.uasset" 25
"../../../KarpuzKaldiran/Content/StarterContent/Materials/M_ColorGrid_LowSpec.uasset" 26
"../../../KarpuzKaldiran/Content/StarterContent/Textures/T_Bush_D.uasset" 27
"../../../KarpuzKaldiran/Content/StarterContent/Textures/T_Bush_N.uasset" 28
"../../../KarpuzKaldiran/Content/StarterContent/Props/Materials/M_Bush.uasset" 29
"../../../KarpuzKaldiran/Content/StarterContent/Props/SM_Bush.uasset" 30
"../../../KarpuzKaldiran/Content/StarterContent/Textures/T_Chair_M.uasset" 31
"../../../KarpuzKaldiran/Content/StarterContent/Textures/T_Chair_N.uasset" 32
"../../../KarpuzKaldiran/Content/StarterContent/Props/Materials/M_Chair.uasset" 33
"../../../KarpuzKaldiran/Content/StarterContent/Props/SM_Couch.uasset" 34
"../../../KarpuzKaldiran/Content/StarterContent/Materials/M_Glass.uasset" 35
"../../../KarpuzKaldiran/Content/StarterContent/Textures/T_Door_M.uasset" 36
"../../../KarpuzKaldiran/Content/StarterContent/Textures/T_Door_N.uasset" 37
"../../../KarpuzKaldiran/Content/StarterContent/Props/Materials/M_Door.uasset" 38
"../../../KarpuzKaldiran/Content/StarterContent/Props/SM_Door.uasset" 39
"../../../KarpuzKaldiran/Content/StarterContent/Props/Materials/M_MaterialSphere.uasset" 40
"../../../KarpuzKaldiran/Content/StarterContent/Props/Materials/M_MaterialSphere_Plain.uasset" 41
"../../../KarpuzKaldiran/Content/StarterContent/Props/SM_MatPreviewMesh_02.uasset" 42
"../../../Engine/Content/Functions/Engine_MaterialFunctions02/Utility/BlendAngleCorrectedNormals.uasset" 43
"../../../KarpuzKaldiran/Content/StarterContent/Textures/T_Detail_Rocky_N.uasset" 44
"../../../KarpuzKaldiran/Content/StarterContent/Textures/T_Rock_Basalt_D.uasset" 45
"../../../KarpuzKaldiran/Content/StarterContent/Textures/T_RockMesh_M.uasset" 46
"../../../KarpuzKaldiran/Content/StarterContent/Textures/T_RockMesh_N.uasset" 47
"../../../KarpuzKaldiran/Content/StarterContent/Props/Materials/M_Rock.uasset" 48
"../../../KarpuzKaldiran/Content/StarterContent/Props/SM_Rock.uasset" 49
"../../../KarpuzKaldiran/Content/StarterContent/Textures/T_Shelf_M.uasset" 50
"../../../KarpuzKaldiran/Content/StarterContent/Textures/T_Shelf_N.uasset" 51
"../../../KarpuzKaldiran/Content/StarterContent/Props/Materials/M_Shelf.uasset" 52
"../../../KarpuzKaldiran/Content/StarterContent/Props/SM_Shelf.uasset" 53
"../../../KarpuzKaldiran/Content/StarterContent/Materials/M_Basic_Floor.uasset" 54
"../../../KarpuzKaldiran/Content/StarterContent/Props/SM_Stairs.uasset" 55
"../../../KarpuzKaldiran/Content/StarterContent/Shapes/Shape_Cone.uasset" 56
"../../../KarpuzKaldiran/Content/StarterContent/Shapes/Shape_Cylinder.uasset" 57
"../../../KarpuzKaldiran/Content/StarterContent/Shapes/Shape_NarrowCapsule.uasset" 58
"../../../KarpuzKaldiran/Content/StarterContent/Shapes/Shape_Pipe.uasset" 59
"../../../KarpuzKaldiran/Content/StarterContent/Shapes/Shape_Pipe_180.uasset" 60
"../../../KarpuzKaldiran/Content/StarterContent/Shapes/Shape_Pipe_90.uasset" 61
"../../../KarpuzKaldiran/Content/StarterContent/Shapes/Shape_Plane.uasset" 62
"../../../KarpuzKaldiran/Content/StarterContent/Shapes/Shape_Torus.uasset" 63
"../../../KarpuzKaldiran/Content/StarterContent/Shapes/Shape_Trim.uasset" 64
"../../../KarpuzKaldiran/Content/StarterContent/Shapes/Shape_Trim_90_In.uasset" 65
"../../../KarpuzKaldiran/Content/StarterContent/Shapes/Shape_Trim_90_Out.uasset" 66
"../../../KarpuzKaldiran/Content/StarterContent/Shapes/Shape_TriPyramid.uasset" 67
"../../../KarpuzKaldiran/Content/StarterContent/Shapes/Shape_Tube.uasset" 68
"../../../KarpuzKaldiran/Content/StarterContent/Shapes/Shape_Wedge_A.uasset" 69
"../../../KarpuzKaldiran/Content/StarterContent/Shapes/Shape_Wedge_B.uasset" 70
"../../../KarpuzKaldiran/Content/StarterContent/Shapes/Shape_WideCapsule.uasset" 71
"../../../KarpuzKaldiran/Content/ThirdPersonCPP/LeftPunch_Mannequin.uasset" 72
"../../../KarpuzKaldiran/Content/ThirdPersonCPP/LeftPunch_Mannequin_Montage.uasset" 73
"../../../KarpuzKaldiran/Content/ThirdPersonCPP/RightPunch_Mannequin.uasset" 74
"../../../KarpuzKaldiran/Content/ThirdPersonCPP/RightPunch_Mannequin_Montage.uasset" 75
"../../../KarpuzKaldiran/Content/Mannequin/Animations/ThirdPerson_Jump.uasset" 76
"../../../KarpuzKaldiran/Content/Mannequin/Animations/ThirdPersonJump_Loop.uasset" 77
"../../../KarpuzKaldiran/Content/Mannequin/Animations/ThirdPersonJump_Start.uasset" 78
"../../../KarpuzKaldiran/Content/Mannequin/Animations/ThirdPersonIdle.uasset" 79
"../../../KarpuzKaldiran/Content/Mannequin/Animations/ThirdPersonRun.uasset" 80
"../../../KarpuzKaldiran/Content/Mannequin/Animations/ThirdPersonWalk.uasset" 81
"../../../KarpuzKaldiran/Content/Mannequin/Animations/ThirdPerson_IdleRun_2D.uasset" 82
"../../../Engine/Content/EditorBlueprintResources/StandardMacros.uasset" 83
"../../../Engine/Content/EditorBlueprintResources/ActorMacros.uasset" 84
"../../../KarpuzKaldiran/Content/Mannequin/Character/Mesh/FullRagdoll.uasset" 85
"../../../KarpuzKaldiran/Content/Mannequin/Character/Mesh/Ragdoll.uasset" 86
"../../../KarpuzKaldiran/Content/Mannequin/Character/Mesh/Ragdoll_Left.uasset" 87
"../../../KarpuzKaldiran/Content/Mannequin/Character/Mesh/Ragdoll_Right.uasset" 88
"../../../Engine/Content/Functions/MaterialLayerFunctions/MatLayerBlend_NormalBlend.uasset" 89
"../../../Engine/Content/Functions/MaterialLayerFunctions/MatLayerBlend_Simple.uasset" 90
"../../../KarpuzKaldiran/Content/Mannequin/Character/Materials/MaterialLayers/T_ML_Rubber_Blue_01_D.uasset" 91
"../../../KarpuzKaldiran/Content/Mannequin/Character/Materials/MaterialLayers/T_ML_Rubber_Blue_01_N.uasset" 92
"../../../KarpuzKaldiran/Content/Mannequin/Character/Materials/MaterialLayers/ML_GlossyBlack_Latex_UE4.uasset" 93
"../../../KarpuzKaldiran/Content/Mannequin/Character/Materials/MaterialLayers/ML_Plastic_Shiny_Beige.uasset" 94
"../../../KarpuzKaldiran/Content/Mannequin/Character/Textures/UE4_LOGO_CARD.uasset" 95
"../../../KarpuzKaldiran/Content/Mannequin/Character/Materials/MaterialLayers/ML_Plastic_Shiny_Beige_LOGO.uasset" 96
"../../../KarpuzKaldiran/Content/Mannequin/Character/Materials/MaterialLayers/T_ML_Aluminum01.uasset" 97
"../../../KarpuzKaldiran/Content/Mannequin/Character/Materials/MaterialLayers/T_ML_Aluminum01_N.uasset" 98
"../../../KarpuzKaldiran/Content/Mannequin/Character/Materials/MaterialLayers/ML_SoftMetal_UE4.uasset" 99
"../../../KarpuzKaldiran/Content/Mannequin/Character/Textures/UE4_Mannequin__normals.uasset" 100
"../../../KarpuzKaldiran/Content/Mannequin/Character/Textures/UE4_Mannequin_MAT_MASKA.uasset" 101
"../../../KarpuzKaldiran/Content/Mannequin/Character/Materials/M_UE4Man_Body.uasset" 102
"../../../KarpuzKaldiran/Content/Mannequin/Character/Textures/UE4Man_Logo_N.uasset" 103
"../../../KarpuzKaldiran/Content/Mannequin/Character/Materials/M_UE4Man_ChestLogo.uasset" 104
"../../../KarpuzKaldiran/Content/Mannequin/Character/Mesh/SK_Mannequin_PhysicsAsset.uasset" 105
"../../../KarpuzKaldiran/Content/Mannequin/Character/Mesh/SK_Mannequin.uasset" 106
"../../../KarpuzKaldiran/Content/ThirdPersonCPP/Blueprints/ThirdPersonCharacter.uasset" 107
"../../../KarpuzKaldiran/Content/Mannequin/Animations/ThirdPerson_AnimBP.uasset" 108
"../../../KarpuzKaldiran/Content/ThirdPersonCPP/Blueprints/RagdollBlueprint.uasset" 109
"../../../KarpuzKaldiran/Content/ThirdPersonCPP/Blueprints/RagdollBlueprint_Child.uasset" 110
"../../../KarpuzKaldiran/Content/ThirdPersonCPP/Blueprints/RagdollCharacter.uasset" 111
"../../../KarpuzKaldiran/Content/ThirdPersonCPP/Blueprints/ThirdPersonCharacter1.uasset" 112
"../../../KarpuzKaldiran/Content/ThirdPersonCPP/Blueprints/ThirdPersonCharacter2.uasset" 113
"../../../Engine/Content/Functions/Engine_MaterialFunctions01/Opacity/CameraDepthFade.uasset" 114
"../../../Engine/Content/EngineMaterials/T_Default_Material_Grid_M.uasset" 115
"../../../Engine/Content/EngineMaterials/T_Default_Material_Grid_N.uasset" 116
"../../../Engine/Content/EngineMaterials/DefaultMaterial.uasset" 117
"../../../Engine/Content/BasicShapes/Cone.uasset" 118
"../../../Engine/Content/EngineMaterials/WorldGridMaterial.uasset" 119
"../../../Engine/Content/BasicShapes/Cube.uasset" 120
"../../../Engine/Content/BasicShapes/Plane.uasset" 121
"../../../Engine/Content/EditorLandscapeResources/DataLayer.uasset" 122
"../../../Engine/Content/EditorMaterials/GizmoMaterial.uasset" 123
"../../../Engine/Content/EditorMaterials/MAT_Groups_Toggle.uasset" 124
"../../../Engine/Content/EditorMaterials/MAT_Groups_Visibility.uasset" 125
"../../../Engine/Content/EditorMaterials/PreviewShadowIndicator.uasset" 126
"../../../Engine/Content/EditorMaterials/PreviewShadowIndicatorMaterial.uasset" 127
"../../../Engine/Content/EditorMaterials/MatineeGroups/MAT_ColorTrack.uasset" 128
"../../../Engine/Content/EditorMaterials/MatineeGroups/MAT_Groups_Anim.uasset" 129
"../../../Engine/Content/EditorMaterials/MatineeGroups/MAT_Groups_AudioMaster.uasset" 130
"../../../Engine/Content/EditorMaterials/MatineeGroups/MAT_Groups_Director.uasset" 131
"../../../Engine/Content/EditorMaterials/MatineeGroups/MAT_Groups_Event.uasset" 132
"../../../Engine/Content/EditorMaterials/MatineeGroups/MAT_Groups_Fade.uasset" 133
"../../../Engine/Content/EditorMaterials/MatineeGroups/MAT_Groups_Float.uasset" 134
"../../../Engine/Content/EditorMaterials/MatineeGroups/MAT_Groups_Move.uasset" 135
"../../../Engine/Content/EditorMaterials/MatineeGroups/MAT_Groups_Slomo.uasset" 136
"../../../Engine/Content/EditorMaterials/MatineeGroups/MAT_Groups_Sound.uasset" 137
"../../../Engine/Content/EditorMaterials/MatineeGroups/MAT_Groups_Vector.uasset" 138
"../../../Engine/Content/EditorMaterials/ParticleSystems/PSysThumbnail_NoImage.uasset" 139
"../../../Engine/Content/EditorMaterials/ParticleSystems/PSysThumbnail_OOD.uasset" 140
"../../../Engine/Content/EditorMaterials/Camera/CineMat.uasset" 141
"../../../Engine/Content/EditorMaterials/Camera/MI_CineMat_Rig.uasset" 142
"../../../Engine/Content/EditorMeshes/Camera/SM_CraneRig_Arm.uasset" 143
"../../../Engine/Content/EditorMeshes/Camera/SM_CraneRig_Base.uasset" 144
"../../../Engine/Content/EditorMeshes/Camera/SM_CraneRig_Body.uasset" 145
"../../../Engine/Content/EditorMeshes/Camera/SM_CraneRig_Mount.uasset" 146
"../../../Engine/Content/EditorMeshes/Camera/SM_RailRig_Mount.uasset" 147
"../../../Engine/Content/EditorMeshes/Camera/SM_RailRig_Track.uasset" 148
"../../../Engine/Content/EditorResources/BSPVertex.uasset" 149
"../../../Engine/Content/EditorResources/EmptyActor.uasset" 150
"../../../Engine/Content/EditorResources/S_Actor.uasset" 151
"../../../Engine/Content/EditorResources/S_Trigger.uasset" 152
"../../../Engine/Content/EditorResources/AudioIcons/S_AudioComponent.uasset" 153
"../../../Engine/Content/EditorResources/AudioIcons/S_AudioComponent_AutoActivate.uasset" 154
"../../../Engine/Content/EditorResources/LightIcons/S_LightError.uasset" 155
"../../../Engine/Content/EditorResources/SequenceRecorder/Countdown.uasset" 156
"../../../Engine/Content/EditorResources/SequenceRecorder/RecordingIndicator.uasset" 157
"../../../Engine/Content/EditorSounds/Notifications/CompileFailed.uasset" 158
"../../../Engine/Content/EditorSounds/Notifications/CompileFailed_Cue.uasset" 159
"../../../Engine/Content/EditorSounds/Notifications/CompileSuccess.uasset" 160
"../../../Engine/Content/EditorSounds/Notifications/CompileStart_Cue.uasset" 161
"../../../Engine/Content/EditorSounds/Notifications/CompileSuccess_Cue.uasset" 162
"../../../Engine/Content/EngineDamageTypes/DmgTypeBP_Environmental.uasset" 163
"../../../Engine/Content/EngineDebugMaterials/HeatmapGradient.uasset" 164
"../../../Engine/Content/EngineDebugMaterials/BoneWeightMaterial.uasset" 165
"../../../Engine/Content/EngineDebugMaterials/ClothMaterial.uasset" 166
"../../../Engine/Content/EngineDebugMaterials/ClothMaterial_WF.uasset" 167
"../../../Engine/Content/EngineDebugMaterials/DebugEditorMaterial.uasset" 168
"../../../Engine/Content/EngineDebugMaterials/DebugMeshMaterial.uasset" 169
"../../../Engine/Content/EngineDebugMaterials/GeomMaterial.uasset" 170
"../../../Engine/Content/EngineFonts/Faces/RobotoBold.uasset" 171
"../../../Engine/Content/EngineFonts/Faces/RobotoBoldItalic.uasset" 172
"../../../Engine/Content/EngineFonts/Faces/RobotoItalic.uasset" 173
"../../../Engine/Content/EngineFonts/Faces/RobotoLight.uasset" 174
"../../../Engine/Content/EngineFonts/Faces/RobotoRegular.uasset" 175
"../../../Engine/Content/EngineFonts/Roboto.uasset" 176
"../../../Engine/Content/EngineFonts/Faces/RobotoTiny.uasset" 177
"../../../Engine/Content/EngineFonts/RobotoTiny.uasset" 178
"../../../Engine/Content/EngineMaterials/DefaultBloomKernel.uasset" 179
"../../../Engine/Content/EngineMaterials/DefaultBokeh.uasset" 180
"../../../Engine/Content/EngineMaterials/DefaultDiffuse.uasset" 181
"../../../Engine/Content/EngineMaterials/DefaultDeferredDecalMaterial.uasset" 182
"../../../Engine/Content/EngineMaterials/DefaultLightFunctionMaterial.uasset" 183
"../../../Engine/Content/EngineMaterials/DefaultPhysicalMaterial.uasset" 184
"../../../Engine/Content/Functions/Engine_MaterialFunctions02/Utility/BreakOutFloat2Components.uasset" 185
"../../../Engine/Content/EngineMaterials/DefaultPostProcessMaterial.uasset" 186
"../../../Engine/Content/EngineFonts/RobotoDistanceField.uasset" 187
"../../../Engine/Content/EngineMaterials/DefaultTextMaterialOpaque.uasset" 188
"../../../Engine/Content/EngineMaterials/DefaultWhiteGrid.uasset" 189
"../../../Engine/Content/EngineMaterials/EditorBrushMaterial.uasset" 190
"../../../Engine/Content/EngineMaterials/Good64x64TilingNoiseHighFreq.uasset" 191
"../../../Engine/Content/EngineMaterials/MiniFont.uasset" 192
"../../../Engine/Content/EngineMaterials/InvalidLightmapSettings.uasset" 193
"../../../Engine/Content/EngineMaterials/M_InvalidLightmapSettings.uasset" 194
"../../../Engine/Content/Functions/Engine_MaterialFunctions02/WorldPositionOffset/CameraOffset.uasset" 195
"../../../Engine/Content/EngineMaterials/PhAT_JointLimitMaterial.uasset" 196
"../../../Engine/Content/EngineMaterials/PreintegratedSkinBRDF.uasset" 197
"../../../Engine/Content/EngineMaterials/RemoveSurfaceMaterial.uasset" 198
"../../../Engine/Content/EngineMaterials/WeightMapPlaceholderTexture.uasset" 199
"../../../Engine/Content/EngineResources/WhiteSquareTexture.uasset" 200
"../../../Engine/Content/EngineMaterials/Widget3DPassThrough.uasset" 201
"../../../Engine/Content/EngineMaterials/Widget3DPassThrough_Masked.uasset" 202
"../../../Engine/Content/EngineMaterials/Widget3DPassThrough_Opaque.uasset" 203
"../../../Engine/Content/EngineMaterials/Widget3DPassThrough_Masked_OneSided.uasset" 204
"../../../Engine/Content/EngineMaterials/Widget3DPassThrough_Opaque_OneSided.uasset" 205
"../../../Engine/Content/EngineMaterials/Widget3DPassThrough_Translucent.uasset" 206
"../../../Engine/Content/EngineMaterials/Widget3DPassThrough_Translucent_OneSided.uasset" 207
"../../../Engine/Content/EngineMeshes/Cube.uasset" 208
"../../../Engine/Content/EngineMeshes/Cylinder.uasset" 209
"../../../Engine/Content/EngineMeshes/Sphere.uasset" 210
"../../../Engine/Content/EngineResources/Black.uasset" 211
"../../../Engine/Content/EngineResources/DefaultTexture.uasset" 212
"../../../Engine/Content/EngineResources/DefaultTextureCube.uasset" 213
"../../../Engine/Content/EngineResources/GradientTexture0.uasset" 214
"../../../Engine/Content/EngineSounds/Master.uasset" 215
"../../../Engine/Content/Functions/Engine_MaterialFunctions01/Shading/ConvertFromDiffSpec.uasset" 216
"../../../Engine/Content/Functions/Engine_MaterialFunctions01/Shading/PowerToRoughness.uasset" 217
"../../../Engine/Content/Maps/Templates/Thumbnails/Default.uasset" 218
"../../../Engine/Content/Maps/Templates/Thumbnails/VR-Basic.uasset" 219
"../../../Engine/Content/MobileResources/T_MobileControls_texture.uasset" 220
"../../../Engine/Content/MobileResources/T_MobileMenu2.uasset" 221
"../../../Engine/Content/MobileResources/HUD/AnalogHat.uasset" 222
"../../../Engine/Content/MobileResources/HUD/VirtualJoystick_Background.uasset" 223
"../../../Engine/Content/MobileResources/HUD/VirtualJoystick_Thumb.uasset" 224
"../../../Engine/Content/MobileResources/HUD/DefaultVirtualJoysticks.uasset" 225
"../../../Engine/Content/MobileResources/HUD/LeftVirtualJoystickOnly.uasset" 226
"../../../Engine/Content/MobileResources/HUD/MobileHUDButton1_off.uasset" 227
"../../../Engine/Content/MobileResources/HUD/MobileHUDButton1_on.uasset" 228
"../../../Engine/Content/MobileResources/HUD/MobileHUDButton2_off.uasset" 229
"../../../Engine/Content/MobileResources/HUD/MobileHUDButton2_on.uasset" 230
"../../../Engine/Content/MobileResources/HUD/MobileHUDButton3.uasset" 231
"../../../Engine/Content/MobileResources/HUD/MobileHUDButtonFire.uasset" 232
"../../../Engine/Content/MobileResources/HUD/MobileHUDDirectionPad.uasset" 233
"../../../Engine/Content/MobileResources/HUD/MobileHUDDirectionPad2.uasset" 234
"../../../Engine/Content/MobileResources/HUD/MobileHUDDirectionPad3.uasset" 235
"../../../Engine/Content/MobileResources/HUD/MobileHUDDirectionStick.uasset" 236
"../../../Engine/Content/MobileResources/HUD/T_Castle_ThumbstickInner.uasset" 237
"../../../Engine/Content/MobileResources/HUD/T_Castle_ThumbstickOutter.uasset" 238
"../../../Engine/Content/Tutorial/ContentIntroCurve.uasset" 239
"../../../Engine/Content/Tutorial/Basics/TutorialAssets/icon_tab_Levels_40x.uasset" 240
"../../../Engine/Content/Tutorial/BlueprintTutorials/TutorialAssets/BlueprintInterface_64x.uasset" 241
"../../../Engine/Content/Tutorial/BlueprintTutorials/TutorialAssets/BlueprintMacroLibrary_64x.uasset" 242
"../../../Engine/Content/Tutorial/BlueprintTutorials/TutorialAssets/Blueprint_64x.uasset" 243
"../../../Engine/Content/Tutorial/BlueprintTutorials/TutorialAssets/Tutorial_BP_Interface.uasset" 244
"../../../Engine/Content/Tutorial/Foliage/TutorialAssets/Foliage.uasset" 245
"../../../Engine/Content/Tutorial/Landscape/TutorialAssets/Landscape.uasset" 246
"../../../Engine/Content/Tutorial/Paper2D/TutorialAssets/Paper2DFlipbook_TutorialIcon.uasset" 247
"../../../Engine/Content/Tutorial/Paper2D/TutorialAssets/Paper2DSprite_TutorialIcon.uasset" 248
"../../../Engine/Content/Tutorial/SubEditors/TutorialAssets/icon_Editor_Preferences_General_40x.uasset" 249
"../../../Engine/Content/Tutorial/SubEditors/TutorialAssets/icon_ShowSkeletalMeshes_40x.uasset" 250
"../../../Engine/Content/Tutorial/SubEditors/TutorialAssets/TutorialMaterial.uasset" 251
"../../../Engine/Content/Tutorial/SubEditors/TutorialAssets/T_SmokeSubUV_8X8.uasset" 252
"../../../Engine/Content/Tutorial/SubEditors/TutorialAssets/T_soft_smoke.uasset" 253
"../../../Engine/Content/Tutorial/SubEditors/TutorialAssets/M_smoke_subUV_blackbody.uasset" 254
"../../../Engine/Content/Tutorial/SubEditors/TutorialAssets/TutorialParticleSystem.uasset" 255
"../../../Engine/Content/VREditor/Devices/Generic/GenericHMDMaterial.uasset" 256
"../../../Engine/Content/VREditor/Devices/Generic/GenericHMD.uasset" 257
"../../../Engine/Content/VREditor/FloatingText/LineMaterial.uasset" 258
"../../../Engine/Content/VREditor/FloatingText/JointSphere.uasset" 259
"../../../Engine/Content/VREditor/FloatingText/LineSegmentCylinder.uasset" 260
"../../../Engine/Content/VREditor/Fonts/VRText_RobotoLarge.uasset" 261
"../../../Engine/Content/VREditor/Fonts/VRTextMaterial.uasset" 262
"../../../Engine/Content/VREditor/Fonts/TranslucentVRTextMaterial.uasset" 263
"../../../Engine/Content/VREditor/LaserPointer/CursorPointer.uasset" 264
"../../../Engine/Content/VREditor/LaserPointer/VR_LaserPower_01.uasset" 265
"../../../Engine/Content/VREditor/TransformGizmo/TransformGizmoMaterial.uasset" 266
"../../../Engine/Content/VREditor/LaserPointer/HoverMaterial.uasset" 267
"../../../Engine/Content/VREditor/TransformGizmo/TranslucentTransformGizmoMaterial.uasset" 268
"../../../Engine/Content/VREditor/LaserPointer/TranslucentHoverMaterial.uasset" 269
"../../../Engine/Content/VREditor/LaserPointer/HoverMesh.uasset" 270
"../../../Engine/Content/VREditor/LaserPointer/LaserPointerMaterial.uasset" 271
"../../../Engine/Content/VREditor/LaserPointer/LaserPointerMaterialInst.uasset" 272
"../../../Engine/Content/VREditor/LaserPointer/TranslucentLaserPointerMaterialInst.uasset" 273
"../../../Engine/Content/VREditor/LaserPointer/LaserPointerMesh.uasset" 274
"../../../Engine/Content/VREditor/LaserPointer/LaserPointerMesh_End.uasset" 275
"../../../Engine/Content/VREditor/LaserPointer/LaserPointerMesh_Start.uasset" 276
"../../../Engine/Content/Functions/Engine_MaterialFunctions02/Utility/BreakOutFloat3Components.uasset" 277
"../../../Engine/Content/Functions/Engine_MaterialFunctions02/Math/Transform3x3Matrix.uasset" 278
"../../../Engine/Content/Functions/Engine_MaterialFunctions02/SplitComponents.uasset" 279
"../../../Engine/Content/Functions/Engine_MaterialFunctions02/Utility/MakeFloat3.uasset" 280
"../../../Engine/Content/VREditor/SnapGrid/SnapGridMaterial.uasset" 281
"../../../Engine/Content/VREditor/SnapGrid/SnapGridPlaneMesh.uasset" 282
"../../../Engine/Content/VREditor/Sounds/VR_teleport.uasset" 283
"../../../Engine/Content/VREditor/Sounds/UI/Click_on_Button_Cue.uasset" 284
"../../../Engine/Content/VREditor/Sounds/UI/Dockable_Window_Close.uasset" 285
"../../../Engine/Content/VREditor/Sounds/UI/Dockable_Window_Drop.uasset" 286
"../../../Engine/Content/VREditor/Sounds/UI/Dockable_Window_Open.uasset" 287
"../../../Engine/Content/VREditor/Sounds/UI/Dockable_Window_Pick_Up.uasset" 288
"../../../Engine/Content/VREditor/Sounds/UI/Drop_Item_From_ContentBrowser.uasset" 289
"../../../Engine/Content/VREditor/Sounds/UI/Floating_UI_Open-001.uasset" 290
"../../../Engine/Content/VREditor/Sounds/UI/Gizmo_Handle_Clicked.uasset" 291
"../../../Engine/Content/VREditor/Sounds/UI/Object_PickUp.uasset" 292
"../../../Engine/Content/VREditor/Sounds/UI/Object_Snaps_To_Another_Actor.uasset" 293
"../../../Engine/Content/VREditor/Sounds/UI/Object_Snaps_To_Grid.uasset" 294
"../../../Engine/Content/VREditor/Sounds/UI/Radial_Menu_FadeOut.uasset" 295
"../../../Engine/Content/VREditor/Sounds/UI/Scaling_Down.uasset" 296
"../../../Engine/Content/VREditor/Sounds/UI/Scaling_Up.uasset" 297
"../../../Engine/Content/VREditor/Sounds/UI/Selection_Changes.uasset" 298
"../../../Engine/Content/VREditor/Sounds/UI/Teleport_Mode_Entered.uasset" 299
"../../../Engine/Content/VREditor/Teleport/TeleportDirectionMaterial.uasset" 300
"../../../Engine/Content/VREditor/Teleport/TeleportDirectionMaterial_Inst.uasset" 301
"../../../Engine/Content/VREditor/Teleport/TeleportDirectionMesh.uasset" 302
"../../../Engine/Content/VREditor/TransformGizmo/BoundingBoxCorner.uasset" 303
"../../../Engine/Content/VREditor/TransformGizmo/BoundingBoxEdge.uasset" 304
"../../../Engine/Content/VREditor/TransformGizmo/PlaneTranslationHandle.uasset" 305
"../../../Engine/Content/VREditor/TransformGizmo/RotationHandleFull.uasset" 306
"../../../Engine/Content/VREditor/TransformGizmo/RotationHandleIndicator.uasset" 307
"../../../Engine/Content/VREditor/TransformGizmo/RotationHandleQuarter.uasset" 308
"../../../Engine/Content/VREditor/TransformGizmo/Main.uasset" 309
"../../../Engine/Content/VREditor/TransformGizmo/Xray.uasset" 310
"../../../Engine/Content/VREditor/TransformGizmo/SM_Dialog_Close.uasset" 311
"../../../Engine/Content/VREditor/TransformGizmo/SM_Dialog_Move.uasset" 312
"../../../Engine/Content/VREditor/TransformGizmo/SM_Sequencer_Key.uasset" 313
"../../../Engine/Content/VREditor/TransformGizmo/SM_Sequencer_Node.uasset" 314
"../../../Engine/Content/VREditor/TransformGizmo/StartRotationHandleIndicator.uasset" 315
"../../../Engine/Content/VREditor/TransformGizmo/TranslucentTransformGizmoMaterial_Inst.uasset" 316
"../../../Engine/Content/VREditor/TransformGizmo/TransformGizmoFreeRotation.uasset" 317
"../../../Engine/Content/VREditor/TransformGizmo/TransformGizmoMaterial_Inst.uasset" 318
"../../../Engine/Content/VREditor/TransformGizmo/TranslateArrowHandle.uasset" 319
"../../../Engine/Content/VREditor/TransformGizmo/UniformScaleHandle.uasset" 320
"../../../Engine/Content/VREditor/UI/KeyDiskMaterial.uasset" 321
"../../../Engine/Content/VREditor/UI/DiscMaterial.uasset" 322
"../../../Engine/Content/VREditor/UI/SM_Radial_Disk.uasset" 323
"../../../Engine/Content/VREditor/WorldMovementGrid/SimpleGrid.uasset" 324
"../../../Engine/Content/VREditor/WorldMovementGrid/GridMaterial.uasset" 325
"../../../Engine/Content/Functions/Engine_MaterialFunctions01/Density/ExponentialDensity.uasset" 326
"../../../Engine/Content/VREditor/WorldMovementGrid/GridPostProcess.uasset" 327
"../../../Engine/Content/EditorLandscapeResources/FlattenHeightMat.uasset" 328
"../../../Engine/Content/VREditor/WorldMovementGrid/PlaneMesh.uasset" 329
"../../../Engine/Plugins/2D/Paper2D/Content/PlaceholderTextures/DummySpriteTexture.uasset" 330
"../../../Engine/Plugins/2D/Paper2D/Content/DummySprite.uasset" 331
"../../../Engine/Plugins/2D/Paper2D/Content/DefaultPaperTerrainMaterial.uasset" 332
"../../../Engine/Plugins/2D/Paper2D/Content/DefaultSpriteMaterial.uasset" 333
"../../../Engine/Plugins/2D/Paper2D/Content/MaskedUnlitSpriteMaterial.uasset" 334
"../../../Engine/Plugins/2D/Paper2D/Content/OpaqueUnlitSpriteMaterial.uasset" 335
"../../../Engine/Plugins/Media/MediaCompositing/Content/DefaultMediaPlaneMaterial.uasset" 336
"../../../Engine/Content/Functions/Engine_MaterialFunctions02/Utility/MakeFloat4.uasset" 337
"../../../Engine/Plugins/Runtime/AppleARKit/Content/ARKitCameraMaterial.uasset" 338
"../../../Engine/Plugins/Runtime/Oculus/OculusVR/Content/Textures/GearVRController_AO.uasset" 339
"../../../Engine/Plugins/Runtime/Oculus/OculusVR/Content/Textures/GearVRController_Color.uasset" 340
"../../../Engine/Plugins/Runtime/Oculus/OculusVR/Content/Textures/GearVRController_Normal.uasset" 341
"../../../Engine/Plugins/Runtime/Oculus/OculusVR/Content/Materials/GearVRControllerMaterial.uasset" 342
"../../../Engine/Plugins/Runtime/Oculus/OculusVR/Content/Meshes/GearVrController.uasset" 343
"../../../KarpuzKaldiran/Content/StarterContent/Blueprints/Assets/FogBrightnessLUT.uasset" 344
"../../../KarpuzKaldiran/Content/StarterContent/Blueprints/Assets/SunlightColorLUT.uasset" 345
"../../../KarpuzKaldiran/Content/StarterContent/Blueprints/Assets/M_LightStage_Arrows.uasset" 346
"../../../Engine/Content/MapTemplates/Sky/DaylightAmbientCubemap.uasset" 347
"../../../KarpuzKaldiran/Content/StarterContent/Blueprints/Assets/M_LightStage_Skybox_Master.uasset" 348
"../../../KarpuzKaldiran/Content/StarterContent/Blueprints/Assets/M_LightStage_Skybox_Black.uasset" 349
"../../../KarpuzKaldiran/Content/StarterContent/Blueprints/Assets/M_LightStage_Skybox_HDRI.uasset" 350
"../../../Engine/Content/EditorMaterials/Thumbnails/SkySphereMaterial.uasset" 351
"../../../KarpuzKaldiran/Content/StarterContent/Blueprints/Assets/Skybox.uasset" 352
"../../../KarpuzKaldiran/Content/StarterContent/Blueprints/Assets/SM_Arrows.uasset" 353
"../../../KarpuzKaldiran/Content/StarterContent/HDRI/HDRI_Epic_Courtyard_Daylight.uasset" 354
"../../../KarpuzKaldiran/Content/StarterContent/Blueprints/BP_LightStudio.uasset" 355
"../../../KarpuzKaldiran/Content/StarterContent/Maps/Advanced_Lighting_BuiltData.uasset" 356
"../../../KarpuzKaldiran/Content/StarterContent/Materials/M_AssetPlatform.uasset" 357
"../../../Engine/Content/EditorMeshes/ColorCalibrator/M_ChromeBall.uasset" 358
"../../../Engine/Content/EditorMeshes/ColorCalibrator/M_ClearCoat.uasset" 359
"../../../Engine/Content/EditorMeshes/ColorCalibrator/M_ClearCoatBlack.uasset" 360
"../../../Engine/Content/EditorMeshes/ColorCalibrator/Color_checker.uasset" 361
"../../../Engine/Content/EditorMeshes/ColorCalibrator/M_ColorGrid.uasset" 362
"../../../Engine/Content/EditorMeshes/ColorCalibrator/M_GreyBall.uasset" 363
"../../../Engine/Content/EditorMeshes/ColorCalibrator/SM_ColorCalibrator.uasset" 364
"../../../KarpuzKaldiran/Content/StarterContent/Architecture/SM_AssetPlatform.uasset" 365
"../../../KarpuzKaldiran/Content/StarterContent/Maps/Advanced_Lighting.umap" 366
"../../../Engine/Content/EngineSky/C_Sky_Cloud_Color.uasset" 367
"../../../Engine/Content/EngineSky/C_Sky_Horizon_Color.uasset" 368
"../../../Engine/Content/EngineSky/C_Sky_Zenith_Color.uasset" 369
"../../../Engine/Content/EngineSky/T_Sky_Blue.uasset" 370
"../../../Engine/Content/EngineSky/T_Sky_Clouds_M.uasset" 371
"../../../Engine/Content/EngineSky/T_Sky_Stars.uasset" 372
"../../../Engine/Content/EngineSky/M_Sky_Panning_Clouds2.uasset" 373
"../../../Engine/Content/EngineSky/SM_SkySphere.uasset" 374
"../../../Engine/Content/EngineSky/BP_Sky_Sphere.uasset" 375
"../../../KarpuzKaldiran/Content/StarterContent/Maps/Minimal_Default_BuiltData.uasset" 376
"../../../KarpuzKaldiran/Content/StarterContent/Textures/T_MacroVariation.uasset" 377
"../../../KarpuzKaldiran/Content/StarterContent/Materials/M_Metal_Brushed_Nickel.uasset" 378
"../../../KarpuzKaldiran/Content/StarterContent/Textures/T_Metal_Aluminum_D.uasset" 379
"../../../KarpuzKaldiran/Content/StarterContent/Textures/T_Metal_Gold_N.uasset" 380
"../../../KarpuzKaldiran/Content/StarterContent/Materials/M_Metal_Burnished_Steel.uasset" 381
"../../../KarpuzKaldiran/Content/StarterContent/Textures/T_Metal_Copper_D.uasset" 382
"../../../KarpuzKaldiran/Content/StarterContent/Materials/M_Metal_Copper.uasset" 383
"../../../KarpuzKaldiran/Content/StarterContent/Textures/T_Statue_M.uasset" 384
"../../../KarpuzKaldiran/Content/StarterContent/Textures/T_Statue_N.uasset" 385
"../../../KarpuzKaldiran/Content/StarterContent/Props/Materials/M_StatueGlass.uasset" 386
"../../../KarpuzKaldiran/Content/StarterContent/Architecture/Floor_400x400.uasset" 387
"../../../KarpuzKaldiran/Content/StarterContent/Audio/Starter_Background_Cue.uasset" 388
"../../../KarpuzKaldiran/Content/StarterContent/Props/SM_Chair.uasset" 389
"../../../KarpuzKaldiran/Content/StarterContent/Props/Materials/M_Statue.uasset" 390
"../../../KarpuzKaldiran/Content/StarterContent/Props/SM_Statue.uasset" 391
"../../../KarpuzKaldiran/Content/StarterContent/Textures/T_TableRound_M.uasset" 392
"../../../KarpuzKaldiran/Content/StarterContent/Textures/T_TableRound_N.uasset" 393
"../../../KarpuzKaldiran/Content/StarterContent/Props/Materials/M_TableRound.uasset" 394
"../../../KarpuzKaldiran/Content/StarterContent/Props/SM_TableRound.uasset" 395
"../../../KarpuzKaldiran/Content/StarterContent/Maps/Minimal_Default.umap" 396
"../../../KarpuzKaldiran/Content/StarterContent/Audio/Fire01_Cue.uasset" 397
"../../../KarpuzKaldiran/Content/StarterContent/Textures/T_Fire_SubUV.uasset" 398
"../../../KarpuzKaldiran/Content/StarterContent/Textures/T_Fire_Tiled_D.uasset" 399
"../../../KarpuzKaldiran/Content/StarterContent/Particles/Materials/M_Fire_SubUV.uasset" 400
"../../../KarpuzKaldiran/Content/StarterContent/Textures/T_Water_N.uasset" 401
"../../../KarpuzKaldiran/Content/StarterContent/Particles/Materials/M_Heat_Distortion.uasset" 402
"../../../KarpuzKaldiran/Content/StarterContent/Particles/Materials/M_Radial_Gradient.uasset" 403
"../../../KarpuzKaldiran/Content/StarterContent/Particles/P_Fire.uasset" 404
"../../../KarpuzKaldiran/Content/StarterContent/Blueprints/Blueprint_Effect_Fire.uasset" 405
"../../../KarpuzKaldiran/Content/StarterContent/Audio/Smoke01_Cue.uasset" 406
"../../../KarpuzKaldiran/Content/StarterContent/Particles/P_Smoke.uasset" 407
"../../../KarpuzKaldiran/Content/StarterContent/Blueprints/Blueprint_Effect_Smoke.uasset" 408
"../../../KarpuzKaldiran/Content/StarterContent/Audio/Fire_Sparks01_Cue.uasset" 409
"../../../KarpuzKaldiran/Content/StarterContent/Textures/T_Spark_Core.uasset" 410
"../../../KarpuzKaldiran/Content/StarterContent/Particles/Materials/M_Spark.uasset" 411
"../../../KarpuzKaldiran/Content/StarterContent/Particles/P_Sparks.uasset" 412
"../../../KarpuzKaldiran/Content/StarterContent/Blueprints/Blueprint_Effect_Sparks.uasset" 413
"../../../KarpuzKaldiran/Content/StarterContent/Audio/Steam01_Cue.uasset" 414
"../../../KarpuzKaldiran/Content/StarterContent/Particles/P_Steam_Lit.uasset" 415
"../../../KarpuzKaldiran/Content/StarterContent/Blueprints/Blueprint_Effect_Steam.uasset" 416
"../../../KarpuzKaldiran/Content/StarterContent/Textures/T_Lamp_M.uasset" 417
"../../../KarpuzKaldiran/Content/StarterContent/Textures/T_Lamp_N.uasset" 418
"../../../KarpuzKaldiran/Content/StarterContent/Props/Materials/M_Lamp.uasset" 419
"../../../KarpuzKaldiran/Content/StarterContent/Props/SM_Lamp_Ceiling.uasset" 420
"../../../KarpuzKaldiran/Content/StarterContent/Blueprints/Blueprint_CeilingLight.uasset" 421
"../../../KarpuzKaldiran/Content/StarterContent/Props/SM_Lamp_Wall.uasset" 422
"../../../KarpuzKaldiran/Content/StarterContent/Blueprints/Blueprint_WallSconce.uasset" 423
"../../../KarpuzKaldiran/Content/StarterContent/Maps/StarterMap_BuiltData.uasset" 424
"../../../Engine/Content/Functions/Engine_MaterialFunctions03/Procedurals/ComputeFilterWidth.uasset" 425
"../../../Engine/Content/EngineMaterials/AntiAliasedTextMaterialTranslucent.uasset" 426
"../../../KarpuzKaldiran/Content/StarterContent/Textures/T_Brick_Clay_Beveled_D.uasset" 427
"../../../KarpuzKaldiran/Content/StarterContent/Textures/T_Brick_Clay_Beveled_M.uasset" 428
"../../../KarpuzKaldiran/Content/StarterContent/Textures/T_Brick_Clay_Beveled_N.uasset" 429
"../../../KarpuzKaldiran/Content/StarterContent/Materials/M_Brick_Clay_Beveled.uasset" 430
"../../../KarpuzKaldiran/Content/StarterContent/Textures/T_Brick_Clay_New_D.uasset" 431
"../../../KarpuzKaldiran/Content/StarterContent/Textures/T_Brick_Clay_New_M.uasset" 432
"../../../KarpuzKaldiran/Content/StarterContent/Textures/T_Brick_Clay_New_N.uasset" 433
"../../../KarpuzKaldiran/Content/StarterContent/Materials/M_Brick_Clay_New.uasset" 434
"../../../KarpuzKaldiran/Content/StarterContent/Textures/T_Brick_Clay_Old_D.uasset" 435
"../../../KarpuzKaldiran/Content/StarterContent/Textures/T_Brick_Clay_Old_N.uasset" 436
"../../../KarpuzKaldiran/Content/StarterContent/Textures/T_Perlin_Noise_M.uasset" 437
"../../../KarpuzKaldiran/Content/StarterContent/Materials/M_Brick_Clay_Old.uasset" 438
"../../../KarpuzKaldiran/Content/StarterContent/Textures/T_Brick_Cut_Stone_D.uasset" 439
"../../../KarpuzKaldiran/Content/StarterContent/Textures/T_Brick_Cut_Stone_N.uasset" 440
"../../../KarpuzKaldiran/Content/StarterContent/Materials/M_Brick_Cut_Stone.uasset" 441
"../../../KarpuzKaldiran/Content/StarterContent/Textures/T_Brick_Hewn_Stone_D.uasset" 442
"../../../KarpuzKaldiran/Content/StarterContent/Textures/T_Brick_Hewn_Stone_M.uasset" 443
"../../../KarpuzKaldiran/Content/StarterContent/Textures/T_Brick_Hewn_Stone_N.uasset" 444
"../../../KarpuzKaldiran/Content/StarterContent/Materials/M_Brick_Hewn_Stone.uasset" 445
"../../../KarpuzKaldiran/Content/StarterContent/Textures/T_Ceramic_Tile_M.uasset" 446
"../../../KarpuzKaldiran/Content/StarterContent/Textures/T_Ceramic_Tile_N.uasset" 447
"../../../KarpuzKaldiran/Content/StarterContent/Textures/T_Rock_Marble_Polished_D.uasset" 448
"../../../KarpuzKaldiran/Content/StarterContent/Materials/M_Ceramic_Tile_Checker.uasset" 449
"../../../KarpuzKaldiran/Content/StarterContent/Textures/T_CobbleStone_Pebble_D.uasset" 450
"../../../KarpuzKaldiran/Content/StarterContent/Textures/T_CobbleStone_Pebble_M.uasset" 451
"../../../KarpuzKaldiran/Content/StarterContent/Textures/T_CobbleStone_Pebble_N.uasset" 452
"../../../KarpuzKaldiran/Content/StarterContent/Materials/M_CobbleStone_Pebble.uasset" 453
"../../../KarpuzKaldiran/Content/StarterContent/Textures/T_CobbleStone_Rough_D.uasset" 454
"../../../KarpuzKaldiran/Content/StarterContent/Textures/T_CobbleStone_Rough_N.uasset" 455
"../../../KarpuzKaldiran/Content/StarterContent/Textures/T_Gradinet_01.uasset" 456
"../../../KarpuzKaldiran/Content/StarterContent/Textures/T_Rock_Smooth_Granite_D.uasset" 457
"../../../KarpuzKaldiran/Content/StarterContent/Materials/M_CobbleStone_Rough.uasset" 458
"../../../KarpuzKaldiran/Content/StarterContent/Textures/T_CobbleStone_Smooth_D.uasset" 459
"../../../KarpuzKaldiran/Content/StarterContent/Textures/T_CobbleStone_Smooth_M.uasset" 460
"../../../KarpuzKaldiran/Content/StarterContent/Textures/T_CobbleStone_Smooth_N.uasset" 461
"../../../KarpuzKaldiran/Content/StarterContent/Materials/M_CobbleStone_Smooth.uasset" 462
"../../../KarpuzKaldiran/Content/StarterContent/Textures/T_Concrete_Grime_D.uasset" 463
"../../../KarpuzKaldiran/Content/StarterContent/Textures/T_Metal_Rust_N.uasset" 464
"../../../KarpuzKaldiran/Content/StarterContent/Materials/M_Concrete_Grime.uasset" 465
"../../../KarpuzKaldiran/Content/StarterContent/Textures/T_Concrete_Panels_D.uasset" 466
"../../../KarpuzKaldiran/Content/StarterContent/Textures/T_Concrete_Panels_N.uasset" 467
"../../../KarpuzKaldiran/Content/StarterContent/Materials/M_Concrete_Panels.uasset" 468
"../../../KarpuzKaldiran/Content/StarterContent/Textures/T_Concrete_Poured_D.uasset" 469
"../../../KarpuzKaldiran/Content/StarterContent/Textures/T_Concrete_Poured_N.uasset" 470
"../../../KarpuzKaldiran/Content/StarterContent/Materials/M_Concrete_Poured.uasset" 471
"../../../KarpuzKaldiran/Content/StarterContent/Textures/T_Concrete_Tiles_D.uasset" 472
"../../../KarpuzKaldiran/Content/StarterContent/Textures/T_Concrete_Tiles_M.uasset" 473
"../../../KarpuzKaldiran/Content/StarterContent/Textures/T_Concrete_Tiles_N.uasset" 474
"../../../KarpuzKaldiran/Content/StarterContent/Textures/T_Concrete_Tiles_Variation_M.uasset" 475
"../../../KarpuzKaldiran/Content/StarterContent/Materials/M_Concrete_Tiles.uasset" 476
"../../../KarpuzKaldiran/Content/StarterContent/Textures/T_Ground_Grass_D.uasset" 477
"../../../KarpuzKaldiran/Content/StarterContent/Textures/T_Ground_Grass_N.uasset" 478
"../../../KarpuzKaldiran/Content/StarterContent/Materials/M_Ground_Grass.uasset" 479
"../../../KarpuzKaldiran/Content/StarterContent/Textures/T_Ground_Gravel_D.uasset" 480
"../../../KarpuzKaldiran/Content/StarterContent/Textures/T_Ground_Gravel_N.uasset" 481
"../../../KarpuzKaldiran/Content/StarterContent/Materials/M_Ground_Gravel.uasset" 482
"../../../KarpuzKaldiran/Content/StarterContent/Textures/T_ground_Moss_D.uasset" 483
"../../../KarpuzKaldiran/Content/StarterContent/Textures/T_Ground_Moss_N.uasset" 484
"../../../KarpuzKaldiran/Content/StarterContent/Materials/M_Ground_Moss.uasset" 485
"../../../KarpuzKaldiran/Content/StarterContent/Materials/M_Metal_Chrome.uasset" 486
"../../../KarpuzKaldiran/Content/StarterContent/Textures/T_Metal_Gold_D.uasset" 487
"../../../KarpuzKaldiran/Content/StarterContent/Materials/M_Metal_Gold.uasset" 488
"../../../KarpuzKaldiran/Content/StarterContent/Textures/T_Metal_Rust_D.uasset" 489
"../../../KarpuzKaldiran/Content/StarterContent/Materials/M_Metal_Rust.uasset" 490
"../../../KarpuzKaldiran/Content/StarterContent/Textures/T_Metal_Steel_D.uasset" 491
"../../../KarpuzKaldiran/Content/StarterContent/Textures/T_Metal_Steel_N.uasset" 492
"../../../KarpuzKaldiran/Content/StarterContent/Materials/M_Metal_Steel.uasset" 493
"../../../KarpuzKaldiran/Content/StarterContent/Textures/T_Rock_Basalt_N.uasset" 494
"../../../KarpuzKaldiran/Content/StarterContent/Materials/M_Rock_Basalt.uasset" 495
"../../../KarpuzKaldiran/Content/StarterContent/Materials/M_Rock_Marble_Polished.uasset" 496
"../../../KarpuzKaldiran/Content/StarterContent/Textures/T_Rock_Sandstone_D.uasset" 497
"../../../KarpuzKaldiran/Content/StarterContent/Textures/T_Rock_Sandstone_N.uasset" 498
"../../../KarpuzKaldiran/Content/StarterContent/Materials/M_Rock_Sandstone.uasset" 499
"../../../KarpuzKaldiran/Content/StarterContent/Textures/T_Rock_Slate_D.uasset" 500
"../../../KarpuzKaldiran/Content/StarterContent/Textures/T_Rock_Slate_N.uasset" 501
"../../../KarpuzKaldiran/Content/StarterContent/Materials/M_Rock_Slate.uasset" 502
"../../../KarpuzKaldiran/Content/StarterContent/Textures/T_Checker_Noise_M.uasset" 503
"../../../KarpuzKaldiran/Content/StarterContent/Textures/T_Single_Tile_N.uasset" 504
"../../../KarpuzKaldiran/Content/StarterContent/Textures/T_Tech_Dot_M.uasset" 505
"../../../KarpuzKaldiran/Content/StarterContent/Textures/T_Tech_Dot_N.uasset" 506
"../../../KarpuzKaldiran/Content/StarterContent/Materials/M_Tech_Checker_Dot.uasset" 507
"../../../KarpuzKaldiran/Content/StarterContent/Textures/T_Tech_Hex_Tile_M.uasset" 508
"../../../KarpuzKaldiran/Content/StarterContent/Textures/T_Tech_Hex_Tile_N.uasset" 509
"../../../KarpuzKaldiran/Content/StarterContent/Materials/M_Tech_Hex_Tile.uasset" 510
"../../../KarpuzKaldiran/Content/StarterContent/Materials/M_Tech_Hex_Tile_Pulse.uasset" 511
"../../../KarpuzKaldiran/Content/StarterContent/Textures/T_Tech_Panel_M.uasset" 512
"../../../KarpuzKaldiran/Content/StarterContent/Textures/T_Tech_Panel_N.uasset" 513
"../../../KarpuzKaldiran/Content/StarterContent/Materials/M_Tech_Panel.uasset" 514
"../../../KarpuzKaldiran/Content/StarterContent/Materials/M_Water_Lake.uasset" 515
"../../../KarpuzKaldiran/Content/StarterContent/Textures/T_Water_M.uasset" 516
"../../../KarpuzKaldiran/Content/StarterContent/Materials/M_Water_Ocean.uasset" 517
"../../../KarpuzKaldiran/Content/StarterContent/Textures/T_Wood_Floor_Walnut_D.uasset" 518
"../../../KarpuzKaldiran/Content/StarterContent/Textures/T_Wood_Floor_Walnut_M.uasset" 519
"../../../KarpuzKaldiran/Content/StarterContent/Textures/T_Wood_Floor_Walnut_N.uasset" 520
"../../../KarpuzKaldiran/Content/StarterContent/Materials/M_Wood_Floor_Walnut_Polished.uasset" 521
"../../../Engine/Content/Functions/Engine_MaterialFunctions01/Opacity/AlphaOffset.uasset" 522
"../../../KarpuzKaldiran/Content/StarterContent/Materials/M_Wood_Floor_Walnut_Worn.uasset" 523
"../../../KarpuzKaldiran/Content/StarterContent/Textures/T_Wood_Oak_D.uasset" 524
"../../../KarpuzKaldiran/Content/StarterContent/Textures/T_Wood_Oak_N.uasset" 525
"../../../KarpuzKaldiran/Content/StarterContent/Materials/M_Wood_Oak.uasset" 526
"../../../KarpuzKaldiran/Content/StarterContent/Textures/T_Wood_Pine_D.uasset" 527
"../../../KarpuzKaldiran/Content/StarterContent/Textures/T_Wood_Pine_N.uasset" 528
"../../../KarpuzKaldiran/Content/StarterContent/Materials/M_Wood_Pine.uasset" 529
"../../../KarpuzKaldiran/Content/StarterContent/Textures/T_Wood_Walnut_D.uasset" 530
"../../../KarpuzKaldiran/Content/StarterContent/Textures/T_Wood_Walnut_N.uasset" 531
"../../../KarpuzKaldiran/Content/StarterContent/Materials/M_Wood_Walnut.uasset" 532
"../../../KarpuzKaldiran/Content/StarterContent/Architecture/Wall_400x200.uasset" 533
"../../../KarpuzKaldiran/Content/StarterContent/Architecture/Wall_Door_400x300.uasset" 534
"../../../KarpuzKaldiran/Content/StarterContent/Architecture/Wall_Window_400x300.uasset" 535
"../../../KarpuzKaldiran/Content/StarterContent/Audio/Collapse_Cue.uasset" 536
"../../../KarpuzKaldiran/Content/StarterContent/Audio/Starter_Music_Cue.uasset" 537
"../../../KarpuzKaldiran/Content/StarterContent/Textures/T_Dust_Particle_D.uasset" 538
"../../../KarpuzKaldiran/Content/StarterContent/Particles/Materials/M_Dust_Particle.uasset" 539
"../../../KarpuzKaldiran/Content/StarterContent/Particles/P_Ambient_Dust.uasset" 540
"../../../KarpuzKaldiran/Content/StarterContent/Props/MaterialSphere.uasset" 541
"../../../KarpuzKaldiran/Content/StarterContent/Textures/T_Frame_M.uasset" 542
"../../../KarpuzKaldiran/Content/StarterContent/Textures/T_Frame_N.uasset" 543
"../../../KarpuzKaldiran/Content/StarterContent/Props/Materials/M_Frame.uasset" 544
"../../../KarpuzKaldiran/Content/StarterContent/Props/SM_CornerFrame.uasset" 545
"../../../KarpuzKaldiran/Content/StarterContent/Props/SM_DoorFrame.uasset" 546
"../../../KarpuzKaldiran/Content/StarterContent/Props/SM_GlassWindow.uasset" 547
"../../../KarpuzKaldiran/Content/StarterContent/Props/SM_PillarFrame.uasset" 548
"../../../KarpuzKaldiran/Content/StarterContent/Props/SM_PillarFrame300.uasset" 549
"../../../KarpuzKaldiran/Content/StarterContent/Props/SM_WindowFrame.uasset" 550
"../../../KarpuzKaldiran/Content/StarterContent/Shapes/Shape_Cube.uasset" 551
"../../../KarpuzKaldiran/Content/StarterContent/Shapes/Shape_QuadPyramid.uasset" 552
"../../../KarpuzKaldiran/Content/StarterContent/Shapes/Shape_Sphere.uasset" 553
"../../../KarpuzKaldiran/Content/StarterContent/Maps/StarterMap.umap" 554
"../../../KarpuzKaldiran/Content/ThirdPersonCPP/depositphotos_150251796-stock-illustration-watermelon-skin-texture-background.uasset" 555
"../../../KarpuzKaldiran/Content/ThirdPersonCPP/depositphotos_150251796-stock-illustration-watermelon-skin-texture-background_Mat.uasset" 556
"../../../Engine/Content/BasicShapes/Sphere.uasset" 557
"../../../KarpuzKaldiran/Content/ThirdPersonCPP/Karpuz_Blueprint.uasset" 558
"../../../KarpuzKaldiran/Content/ThirdPersonCPP/Sphere.uasset" 559
"../../../KarpuzKaldiran/Content/ThirdPersonCPP/Sphere_DM.uasset" 560
"../../../KarpuzKaldiran/Content/ThirdPersonCPP/Maps/ThirdPersonExampleMap_BuiltData.uasset" 561
"../../../Engine/Content/BasicShapes/BasicShapeMaterial.uasset" 562
"../../../KarpuzKaldiran/Content/Geometry/Meshes/CubeMaterial.uasset" 563
"../../../KarpuzKaldiran/Content/ThirdPersonCPP/18837768-seamless-watermelon-fruit-pattern-food-background-seed-texture--Stock-Photo.uasset" 564
"../../../KarpuzKaldiran/Content/ThirdPersonCPP/18837768-seamless-watermelon-fruit-pattern-food-background-seed-texture--Stock-Photo_Mat.uasset" 565
"../../../Engine/Content/BasicShapes/Cylinder.uasset" 566
"../../../KarpuzKaldiran/Content/Geometry/Meshes/1M_Cube.uasset" 567
"../../../KarpuzKaldiran/Content/Geometry/Meshes/1M_Cube_Chamfer.uasset" 568
"../../../KarpuzKaldiran/Content/Geometry/Meshes/TemplateFloor.uasset" 569
"../../../KarpuzKaldiran/Content/ThirdPerson/Meshes/RampMaterial.uasset" 570
"../../../KarpuzKaldiran/Content/ThirdPerson/Meshes/Bump_StaticMesh.uasset" 571
"../../../KarpuzKaldiran/Content/ThirdPerson/Meshes/LeftArm_StaticMesh.uasset" 572
"../../../KarpuzKaldiran/Content/ThirdPerson/Meshes/Linear_Stair_StaticMesh.uasset" 573
"../../../KarpuzKaldiran/Content/ThirdPerson/Meshes/Ramp_StaticMesh.uasset" 574
"../../../KarpuzKaldiran/Content/ThirdPerson/Meshes/RightArm_StaticMesh.uasset" 575
"../../../KarpuzKaldiran/Content/ThirdPersonCPP/KarpuzMaterial.uasset" 576
"../../../KarpuzKaldiran/Content/ThirdPersonCPP/Maps/ThirdPersonExampleMap.umap" 577
"../../../Engine/Content/Maps/Entry.umap" 578
